<?xml version="1.0" encoding="UTF-8"?>
<!-- Generated by org.testng.reporters.JUnitReportReporter -->
<testsuite hostname="HbpSoft" failures="0" tests="4" name="com.test.Tagit.Access_History" time="77.099" errors="0" timestamp="2024-03-07T13:49:09 IST" skipped="0">
  <testcase classname="com.test.Tagit.Access_History" name="login" time="10.171"/>
  <system-out/>
  <testcase classname="com.test.Tagit.Access_History" name="History_Test_brain" time="14.966"/>
  <system-out/>
  <testcase classname="com.test.Tagit.Access_History" name="History_Test_Section_cell" time="23.053"/>
  <system-out/>
  <testcase classname="com.test.Tagit.Access_History" name="History_Test_Section_Atlas" time="28.909"/>
  <system-out/>
</testsuite> <!-- com.test.Tagit.Access_History -->
