<?xml version="1.0" encoding="UTF-8"?>
<!-- Generated by org.testng.reporters.JUnitReportReporter -->
<testsuite hostname="vivobook-asuslaptop-x512flc-x512fl" failures="0" tests="4" name="com.test.Tagit.Brain" time="67.122" errors="0" timestamp="2024-02-23T12:34:25 IST" skipped="0">
  <testcase classname="com.test.Tagit.Brain" name="login" time="13.180"/>
  <system-out/>
  <testcase classname="com.test.Tagit.Brain" name="brain_tag_it" time="30.877"/>
  <system-out/>
  <testcase classname="com.test.Tagit.Brain" name="tagIT_Search" time="14.097"/>
  <system-out/>
  <testcase classname="com.test.Tagit.Brain" name="viewer" time="8.968"/>
  <system-out/>
</testsuite> <!-- com.test.Tagit.Brain -->
