<?xml version="1.0" encoding="UTF-8"?>
<!-- Generated by org.testng.reporters.JUnitReportReporter -->
<testsuite hostname="vivobook-asuslaptop-x512flc-x512fl" failures="0" tests="5" name="com.test.Tagit.Section" time="83.209" errors="0" timestamp="2024-02-23T12:48:42 IST" skipped="0">
  <testcase classname="com.test.Tagit.Section" name="login" time="9.137"/>
  <system-out/>
  <testcase classname="com.test.Tagit.Section" name="brain_tag_it" time="31.907"/>
  <system-out/>
  <testcase classname="com.test.Tagit.Section" name="tagIT_Search" time="13.098"/>
  <system-out/>
  <testcase classname="com.test.Tagit.Section" name="atlasviewer" time="13.040"/>
  <system-out/>
  <testcase classname="com.test.Tagit.Section" name="cellAnnotation" time="16.027"/>
  <system-out/>
</testsuite> <!-- com.test.Tagit.Section -->
